<?xml version="1.0" encoding="UTF-8"?>
<!-- Generated by org.testng.reporters.JUnitXMLReporter -->
<testsuite ignored="0" hostname="Subash" failures="2" tests="4" name="Surefire test" time="26.719" errors="0" timestamp="2025-08-06T15:24:49 IST">
  <testcase classname="tests.LoginTests" name="testLoginButtonAlwaysEnabled" time="0.084"/>
  <testcase classname="tests.LoginTests" name="testPasswordToggleIconPresence" time="10.078"/>
  <testcase classname="tests.LoginTests" name="testInvalidLoginShowErrorMsg" time="12.832">
    <failure type="java.lang.AssertionError" message="Error message should be displayed expected object to not be null">
      <![CDATA[java.lang.AssertionError: Error message should be displayed expected object to not be null
at tests.LoginTests.testInvalidLoginShowErrorMsg(LoginTests.java:36)
at java.base/java.util.ArrayList.forEach(ArrayList.java:1604)
... Removed 32 stack frames]]>
    </failure>
  </testcase> <!-- testInvalidLoginShowErrorMsg -->
  <testcase classname="tests.LoginTests" name="testPresenceOfLoginPageElements" time="0.009">
    <failure type="java.lang.AssertionError" message="All login page elements should be visible expected [true] but found [false]">
      <![CDATA[java.lang.AssertionError: All login page elements should be visible expected [true] but found [false]
at tests.LoginTests.testPresenceOfLoginPageElements(LoginTests.java:44)
at java.base/java.util.ArrayList.forEach(ArrayList.java:1604)
... Removed 33 stack frames]]>
    </failure>
  </testcase> <!-- testPresenceOfLoginPageElements -->
</testsuite> <!-- Surefire test -->
